#
# There is insufficient memory for the Java Runtime Environment to continue.
# Native memory allocation (mmap) failed to map 132120576 bytes for G1 virtual space
# Possible reasons:
#   The system is out of physical RAM or swap space
#   The process is running with CompressedOops enabled, and the Java Heap may be blocking the growth of the native heap
# Possible solutions:
#   Reduce memory load on the system
#   Increase physical memory or swap space
#   Check if swap backing store is full
#   Decrease Java heap size (-Xmx/-Xms)
#   Decrease number of Java threads
#   Decrease Java thread stack sizes (-Xss)
#   Set larger code cache with -XX:ReservedCodeCacheSize=
#   JVM is running with Unscaled Compressed Oops mode in which the Java heap is
#     placed in the first 4GB address space. The Java Heap base address is the
#     maximum limit for the native heap growth. Please use -XX:HeapBaseMinAddress
#     to set the Java Heap base and to place the Java Heap above 4GB virtual address.
# This output file may be truncated or incomplete.
#
#  Out of Memory Error (os_windows.cpp:3600), pid=12972, tid=11204
#
# JRE version:  (21.0+35) (build )
# Java VM: Java HotSpot(TM) 64-Bit Server VM (21+35-LTS-2513, mixed mode, sharing, tiered, compressed oops, compressed class ptrs, g1 gc, windows-amd64)
# No core dump will be written. Minidumps are not enabled by default on client versions of Windows
#

---------------  S U M M A R Y ------------

Command Line: -javaagent:C:\Program Files\JetBrains\IntelliJ IDEA 2023.2.5\lib\idea_rt.jar=64252:C:\Program Files\JetBrains\IntelliJ IDEA 2023.2.5\bin -Dfile.encoding=UTF-8 -Dsun.stdout.encoding=UTF-8 -Dsun.stderr.encoding=UTF-8 serveur.ServeurJWS

Host: 11th Gen Intel(R) Core(TM) i7-1165G7 @ 2.80GHz, 8 cores, 7G,  Windows 10 , 64 bit Build 19041 (10.0.19041.3570)
Time: Mon Nov 13 23:02:48 2023 Afr. centrale Ouest elapsed time: 0.017344 seconds (0d 0h 0m 0s)

---------------  T H R E A D  ---------------

Current thread (0x000001e0b98d60d0):  JavaThread "Unknown thread" [_thread_in_vm, id=11204, stack(0x000000d70fe00000,0x000000d70ff00000) (1024K)]

Stack: [0x000000d70fe00000,0x000000d70ff00000]
Native frames: (J=compiled Java code, j=interpreted, Vv=VM code, C=native code)
V  [jvm.dll+0x6c8d39]
V  [jvm.dll+0x854091]
V  [jvm.dll+0x85630e]
V  [jvm.dll+0x8569e3]
V  [jvm.dll+0x2809a6]
V  [jvm.dll+0x6c5425]
V  [jvm.dll+0x6b9e1a]
V  [jvm.dll+0x3555ba]
V  [jvm.dll+0x35d206]
V  [jvm.dll+0x3adf6e]
V  [jvm.dll+0x3ae218]
V  [jvm.dll+0x328fcc]
V  [jvm.dll+0x329b5b]
V  [jvm.dll+0x81c699]
V  [jvm.dll+0x3bb2a1]
V  [jvm.dll+0x805688]
V  [jvm.dll+0x44ed9e]
V  [jvm.dll+0x4506a1]
C  [jli.dll+0x52a3]
C  [ucrtbase.dll+0x21bb2]
C  [KERNEL32.DLL+0x17344]
C  [ntdll.dll+0x526b1]


---------------  P R O C E S S  ---------------

Threads class SMR info:
_java_thread_list=0x00007ff819c67b48, length=0, elements={
}

Java Threads: ( => current thread )
Total: 0

Other Threads:
  0x000001e0bba92d20 WorkerThread "GC Thread#0"                     [id=23228, stack(0x000000d70ff00000,0x000000d710000000) (1024K)]
  0x000001e0bbaa38c0 ConcurrentGCThread "G1 Main Marker"            [id=14244, stack(0x000000d710000000,0x000000d710100000) (1024K)]
  0x000001e0bbaa5b70 WorkerThread "G1 Conc#0"                       [id=16968, stack(0x000000d710100000,0x000000d710200000) (1024K)]

[error occurred during error reporting (printing all threads), id 0xc0000005, EXCEPTION_ACCESS_VIOLATION (0xc0000005) at pc=0x00007ff8193dc097]
VM state: not at safepoint (not fully initialized)

VM Mutex/Monitor currently owned by a thread:  ([mutex/lock_event])
[0x00007ff819cd8648] Heap_lock - owner thread: 0x000001e0b98d60d0

Heap address: 0x0000000083600000, size: 1994 MB, Compressed Oops mode: 32-bit

CDS archive(s) mapped at: [0x0000000000000000-0x0000000000000000-0x0000000000000000), size 0, SharedBaseAddress: 0x0000000800000000, ArchiveRelocationMode: 1.
Narrow klass base: 0x0000000000000000, Narrow klass shift: 0, Narrow klass range: 0x0

GC Precious Log:
 CardTable entry size: 512
 Card Set container configuration: InlinePtr #cards 5 size 8 Array Of Cards #cards 12 size 40 Howl #buckets 4 coarsen threshold 1843 Howl Bitmap #cards 512 size 80 coarsen threshold 460 Card regions per heap region 1 cards per card region 2048

Heap:
 garbage-first heap   total 0K, used 0K [0x0000000083600000, 0x0000000100000000)
  region size 1024K, 0 young (0K), 0 survivors (0K)

[error occurred during error reporting (printing heap information), id 0xc0000005, EXCEPTION_ACCESS_VIOLATION (0xc0000005) at pc=0x00007ff8197c1939]
GC Heap History (0 events):
No events

Dll operation events (1 events):
Event: 0.011 Loaded shared library C:\Program Files\Java\jdk-21\bin\java.dll

Deoptimization events (0 events):
No events

Classes loaded (0 events):
No events

Classes unloaded (0 events):
No events

Classes redefined (0 events):
No events

Internal exceptions (0 events):
No events

ZGC Phase Switch (0 events):
No events

VM Operations (0 events):
No events

Events (0 events):
No events


Dynamic libraries:
0x00007ff628510000 - 0x00007ff628520000 	C:\Program Files\Java\jdk-21\bin\java.exe
0x00007ff8c95f0000 - 0x00007ff8c97e7000 	C:\WINDOWS\SYSTEM32\ntdll.dll
0x00007ff894750000 - 0x00007ff894769000 	C:\Program Files\Avast Software\Avast\aswhook.dll
0x00007ff8c76d0000 - 0x00007ff8c778d000 	C:\WINDOWS\System32\KERNEL32.DLL
0x00007ff8c72a0000 - 0x00007ff8c7596000 	C:\WINDOWS\System32\KERNELBASE.dll
0x00007ff8c6e60000 - 0x00007ff8c6f60000 	C:\WINDOWS\System32\ucrtbase.dll
0x00007ff8bf310000 - 0x00007ff8bf329000 	C:\Program Files\Java\jdk-21\bin\jli.dll
0x00007ff8c9400000 - 0x00007ff8c94ae000 	C:\WINDOWS\System32\ADVAPI32.dll
0x00007ff8bc6f0000 - 0x00007ff8bc70b000 	C:\Program Files\Java\jdk-21\bin\VCRUNTIME140.dll
0x00007ff8c8040000 - 0x00007ff8c80de000 	C:\WINDOWS\System32\msvcrt.dll
0x00007ff8c9360000 - 0x00007ff8c93fc000 	C:\WINDOWS\System32\sechost.dll
0x00007ff8c83d0000 - 0x00007ff8c84f6000 	C:\WINDOWS\System32\RPCRT4.dll
0x00007ff8c7910000 - 0x00007ff8c7aae000 	C:\WINDOWS\System32\USER32.dll
0x00007ff8c6d70000 - 0x00007ff8c6d92000 	C:\WINDOWS\System32\win32u.dll
0x00007ff8ba830000 - 0x00007ff8baaca000 	C:\WINDOWS\WinSxS\amd64_microsoft.windows.common-controls_6595b64144ccf1df_6.0.19041.3570_none_60bb2a3971f3e41a\COMCTL32.dll
0x00007ff8c7800000 - 0x00007ff8c782c000 	C:\WINDOWS\System32\GDI32.dll
0x00007ff8c7150000 - 0x00007ff8c726a000 	C:\WINDOWS\System32\gdi32full.dll
0x00007ff8c6cd0000 - 0x00007ff8c6d6d000 	C:\WINDOWS\System32\msvcp_win.dll
0x00007ff8bd8e0000 - 0x00007ff8bd8ea000 	C:\WINDOWS\SYSTEM32\VERSION.dll
0x00007ff8c82f0000 - 0x00007ff8c8320000 	C:\WINDOWS\System32\IMM32.DLL
0x00007ff8bf300000 - 0x00007ff8bf30c000 	C:\Program Files\Java\jdk-21\bin\vcruntime140_1.dll
0x00007ff86b4b0000 - 0x00007ff86b53e000 	C:\Program Files\Java\jdk-21\bin\msvcp140.dll
0x00007ff8190a0000 - 0x00007ff819db3000 	C:\Program Files\Java\jdk-21\bin\server\jvm.dll
0x00007ff8c94e0000 - 0x00007ff8c954b000 	C:\WINDOWS\System32\WS2_32.dll
0x00007ff8c6280000 - 0x00007ff8c62cb000 	C:\WINDOWS\SYSTEM32\POWRPROF.dll
0x00007ff8a9c90000 - 0x00007ff8a9cb7000 	C:\WINDOWS\SYSTEM32\WINMM.dll
0x00007ff8c60f0000 - 0x00007ff8c6102000 	C:\WINDOWS\SYSTEM32\UMPDC.dll
0x00007ff8c5500000 - 0x00007ff8c5512000 	C:\WINDOWS\SYSTEM32\kernel.appcore.dll
0x00007ff8bc770000 - 0x00007ff8bc77a000 	C:\Program Files\Java\jdk-21\bin\jimage.dll
0x00007ff8c49b0000 - 0x00007ff8c4b94000 	C:\WINDOWS\SYSTEM32\DBGHELP.DLL
0x00007ff8bcf40000 - 0x00007ff8bcf74000 	C:\WINDOWS\SYSTEM32\dbgcore.DLL
0x00007ff8c70c0000 - 0x00007ff8c7142000 	C:\WINDOWS\System32\bcryptPrimitives.dll
0x00007ff8be980000 - 0x00007ff8be98f000 	C:\Program Files\Java\jdk-21\bin\instrument.dll
0x00007ff8b8d60000 - 0x00007ff8b8d7f000 	C:\Program Files\Java\jdk-21\bin\java.dll

dbghelp: loaded successfully - version: 4.0.5 - missing functions: none
symbol engine: initialized successfully - sym options: 0x614 - pdb path: .;C:\Program Files\Java\jdk-21\bin;C:\WINDOWS\SYSTEM32;C:\Program Files\Avast Software\Avast;C:\WINDOWS\WinSxS\amd64_microsoft.windows.common-controls_6595b64144ccf1df_6.0.19041.3570_none_60bb2a3971f3e41a;C:\Program Files\Java\jdk-21\bin\server

VM Arguments:
jvm_args: -javaagent:C:\Program Files\JetBrains\IntelliJ IDEA 2023.2.5\lib\idea_rt.jar=64252:C:\Program Files\JetBrains\IntelliJ IDEA 2023.2.5\bin -Dfile.encoding=UTF-8 -Dsun.stdout.encoding=UTF-8 -Dsun.stderr.encoding=UTF-8 
java_command: serveur.ServeurJWS
java_class_path (initial): C:\Users\zouar\IdeaProjects\SOAP\target\classes;C:\Users\zouar\.m2\repository\com\sun\xml\ws\jaxws-rt\4.0.0\jaxws-rt-4.0.0.jar;C:\Users\zouar\.m2\repository\com\sun\xml\bind\jaxb-impl\4.0.0\jaxb-impl-4.0.0.jar;C:\Users\zouar\.m2\repository\com\sun\xml\bind\jaxb-core\4.0.0\jaxb-core-4.0.0.jar;C:\Users\zouar\.m2\repository\org\glassfish\ha\ha-api\3.1.13\ha-api-3.1.13.jar;C:\Users\zouar\.m2\repository\org\glassfish\external\management-api\3.2.3\management-api-3.2.3.jar;C:\Users\zouar\.m2\repository\org\glassfish\gmbal\gmbal-api-only\4.0.3\gmbal-api-only-4.0.3.jar;C:\Users\zouar\.m2\repository\org\jvnet\staxex\stax-ex\2.1.0\stax-ex-2.1.0.jar;C:\Users\zouar\.m2\repository\com\sun\xml\stream\buffer\streambuffer\2.1.0\streambuffer-2.1.0.jar;C:\Users\zouar\.m2\repository\org\jvnet\mimepull\mimepull\1.10.0\mimepull-1.10.0.jar;C:\Users\zouar\.m2\repository\com\sun\xml\fastinfoset\FastInfoset\2.1.0\FastInfoset-2.1.0.jar;C:\Users\zouar\.m2\repository\jakarta\mail\jakarta.mail-api\2.1.0\jakarta.mail-api-2.1.0.jar;C:\Users\zouar\.m2\repository\org\eclipse\angus\angus-activation\1.0.0\angus-activation-1.0.0.jar;C:\Users\zouar\.m2\repository\org\eclipse\angus\angus-mail\1.0.0\angus-mail-1.0.0.jar;C:\Users\zouar\.m2\repository\com\sun\xml\messaging\saaj\saaj-impl\3.0.0\saaj-impl-3.0.0.jar;C:\Users\zouar\.m2\repository\com\fasterxml\woodstox\woodstox-core\6.2.8\woodstox-core-6.2.8.jar;C:\Users\zouar\.m2\repository\org\codehaus\woodstox\stax2-api\4.2.1\stax2-api-4.2.1.jar;C:\Users\zouar\.m2\repository\com\sun\xml\ws\jaxws-tools\4.0.0\jaxws-tools-4.0.0.jar;C:\Users\zouar\.m2\repository\com\sun\xml\bind\jaxb-xjc\4.0.0\jaxb-xjc-4.0.0.jar;C:\Users\zouar\.m2\repository\com\sun\xml\bind\jaxb-jxc\4.0.0\jaxb-jxc-4.0.0.jar;C:\Users\zouar\.m2\repository\com\sun\xml\ws\jaxws-eclipselink-plugin\4.0.0\jaxws-eclipselink-plugin-4.0.0.jar;C:\Users\zouar\.m2\repository\org\eclipse\persistence\org.eclipse.persistence.moxy\4.0.0-M3\org.eclipse.persistence.moxy-4.0.0-M3.jar;C:\Users\zouar\.m2\repository\org\eclipse\persistence\org.eclipse.persistence.asm\9.2.0\org.eclipse.persistence.asm-9.2.0.jar;C:\Users\zouar\.m2\repository\org\eclipse\persistence\org.eclipse.persistence.core\4.0.0-M3\org.eclipse.persistence.core-4.0.0-M3.jar;C:\Users\zouar\.m2\repository\com\sun\xml\ws\sdo-eclipselink-plugin\4.0.0\sdo-eclipselink-plugin-4.0.0.jar;C:\Users\zouar\.m2\repository\org\eclipse\persistence\org.eclipse.persistence.sdo\4.0.0-M3\org.eclipse.persistence.sdo-4.0.0-M3.jar;C:\Users\zouar\.m2\repository\jakarta\activation\jakarta.activation-api\2.1.0\jakarta.activation-api-2.1.0.jar;C:\Users\zouar\.m2\repository\jakarta\xml\bind\jakarta.xml.bind-api\4.0.0\jakarta.xml.bind-api-4.0.0.jar;C:\Users\zouar\.m2\repository\jakarta\xml\soap\jakarta.xml.soap-api\3.0.0\jakarta.xml.soap-api-3.0.0.jar;C:\Users\zouar\.m2\repository\jakarta\annotation\jakarta.annotation-api\2.1.1\jakarta.annotation-api-2.1.1.jar;C:\Users\zouar\.m2\repository\jakarta\xml\ws\jakarta.xml.ws-api\4.0.0\jakarta.xml.ws-api-4.0.0.jar
Launcher Type: SUN_STANDARD

[Global flags]
     intx CICompilerCount                          = 4                                         {product} {ergonomic}
     uint ConcGCThreads                            = 2                                         {product} {ergonomic}
     uint G1ConcRefinementThreads                  = 8                                         {product} {ergonomic}
   size_t G1HeapRegionSize                         = 1048576                                   {product} {ergonomic}
    uintx GCDrainStackTargetSize                   = 64                                        {product} {ergonomic}
   size_t InitialHeapSize                          = 132120576                                 {product} {ergonomic}
   size_t MarkStackSize                            = 4194304                                   {product} {ergonomic}
   size_t MaxHeapSize                              = 2090860544                                {product} {ergonomic}
   size_t MinHeapDeltaBytes                        = 1048576                                   {product} {ergonomic}
   size_t MinHeapSize                              = 8388608                                   {product} {ergonomic}
    uintx NonNMethodCodeHeapSize                   = 5839372                                {pd product} {ergonomic}
    uintx NonProfiledCodeHeapSize                  = 122909434                              {pd product} {ergonomic}
    uintx ProfiledCodeHeapSize                     = 122909434                              {pd product} {ergonomic}
    uintx ReservedCodeCacheSize                    = 251658240                              {pd product} {ergonomic}
     bool SegmentedCodeCache                       = true                                      {product} {ergonomic}
   size_t SoftMaxHeapSize                          = 2090860544                             {manageable} {ergonomic}
     bool UseCompressedOops                        = true                           {product lp64_product} {ergonomic}
     bool UseG1GC                                  = true                                      {product} {ergonomic}
     bool UseLargePagesIndividualAllocation        = false                                  {pd product} {ergonomic}

Logging:
Log output configuration:
 #0: stdout all=warning uptime,level,tags foldmultilines=false
 #1: stderr all=off uptime,level,tags foldmultilines=false

Environment Variables:
PATH=C:\Program Files\Common Files\Oracle\Java\javapath;C:\WINDOWS\system32;C:\WINDOWS;C:\WINDOWS\System32\Wbem;C:\WINDOWS\System32\WindowsPowerShell\v1.0\;C:\WINDOWS\System32\OpenSSH\;C:\Users\zouar\anaconda3;C:\Users\zouar\anaconda3\Library\mingw-w64\bin;C:\Users\zouar\anaconda3\Library\usr\bin;C:\Users\zouar\anaconda3\Library\bin;C:\Users\zouar\anaconda3\Scripts;C:\Users\zouar\AppData\Local\Microsoft\WindowsApps;C:\Users\zouar\AppData\Local\Programs\Microsoft VS Code\bin;C:\Program Files\Java\jdk-21\bin;C:\Program Files\Java\jdk-21\bin;;C:\Program Files\JetBrains\PyCharm 2023.1.3\bin;;C:\Program Files\JetBrains\PyCharm Community Edition 2023.2.2\bin;;C:\Program Files\JetBrains\IntelliJ IDEA Community Edition 2023.2.4\bin;;C:\Program Files\JetBrains\IntelliJ IDEA 2023.2.5\bin;
USERNAME=zouar
OS=Windows_NT
PROCESSOR_IDENTIFIER=Intel64 Family 6 Model 140 Stepping 1, GenuineIntel
TMP=C:\Users\zouar\AppData\Local\Temp
TEMP=C:\Users\zouar\AppData\Local\Temp




---------------  S Y S T E M  ---------------

OS:
 Windows 10 , 64 bit Build 19041 (10.0.19041.3570)
OS uptime: 5 days 8:26 hours

CPU: total 8 (initial active 8) (4 cores per cpu, 2 threads per core) family 6 model 140 stepping 1 microcode 0x9a, cx8, cmov, fxsr, ht, mmx, 3dnowpref, sse, sse2, sse3, ssse3, sse4.1, sse4.2, popcnt, lzcnt, tsc, tscinvbit, avx, avx2, aes, erms, clmul, bmi1, bmi2, adx, avx512f, avx512dq, avx512cd, avx512bw, avx512vl, sha, fma, vzeroupper, avx512_vpopcntdq, avx512_vpclmulqdq, avx512_vaes, avx512_vnni, clflush, clflushopt, clwb, avx512_vbmi2, avx512_vbmi, rdtscp, rdpid, fsrm, gfni, avx512_bitalg, f16c, pku, cet_ibt, cet_ss, avx512_ifma
Processor Information for all 8 processors :
  Max Mhz: 2803, Current Mhz: 2803, Mhz Limit: 2803

Memory: 4k page, system-wide physical 7975M (451M free)
TotalPageFile size 32551M (AvailPageFile size 97M)
current process WorkingSet (physical memory assigned to process): 10M, peak: 10M
current process commit charge ("private bytes"): 60M, peak: 186M

vm_info: Java HotSpot(TM) 64-Bit Server VM (21+35-LTS-2513) for windows-amd64 JRE (21+35-LTS-2513), built on 2023-08-09T20:25:10Z by "mach5one" with MS VC++ 17.1 (VS2022)

END.
